==15435== Memcheck, a memory error detector
==15435== Copyright (C) 2002-2017, and GNU GPL'd, by Julian Seward et al.
==15435== Using Valgrind-3.15.0 and LibVEX; rerun with -h for copyright info
==15435== Command: ./LMS.c
==15435== Parent PID: 10627
==15435== 
==15435== 
==15435== HEAP SUMMARY:
==15435==     in use at exit: 2,473 bytes in 72 blocks
==15435==   total heap usage: 79 allocs, 7 frees, 39,966 bytes allocated
==15435== 
==15435== 26 bytes in 1 blocks are still reachable in loss record 1 of 8
==15435==    at 0x483B7F3: malloc (in /usr/lib/x86_64-linux-gnu/valgrind/vgpreload_memcheck-amd64-linux.so)
==15435==    by 0x116D4C: ??? (in /usr/bin/dash)
==15435==    by 0x110ECF: ??? (in /usr/bin/dash)
==15435==    by 0x1117DB: ??? (in /usr/bin/dash)
==15435==    by 0x11064E: ??? (in /usr/bin/dash)
==15435==    by 0x10F716: ??? (in /usr/bin/dash)
==15435==    by 0x116B1B: ??? (in /usr/bin/dash)
==15435==    by 0x10DC81: ??? (in /usr/bin/dash)
==15435==    by 0x4881082: (below main) (libc-start.c:308)
==15435== 
==15435== 27 bytes in 1 blocks are still reachable in loss record 2 of 8
==15435==    at 0x483B7F3: malloc (in /usr/lib/x86_64-linux-gnu/valgrind/vgpreload_memcheck-amd64-linux.so)
==15435==    by 0x116D4C: ??? (in /usr/bin/dash)
==15435==    by 0x110ECF: ??? (in /usr/bin/dash)
==15435==    by 0x1117DB: ??? (in /usr/bin/dash)
==15435==    by 0x11064E: ??? (in /usr/bin/dash)
==15435==    by 0x10F716: ??? (in /usr/bin/dash)
==15435==    by 0x10F6E9: ??? (in /usr/bin/dash)
==15435==    by 0x116B1B: ??? (in /usr/bin/dash)
==15435==    by 0x10DC81: ??? (in /usr/bin/dash)
==15435==    by 0x4881082: (below main) (libc-start.c:308)
==15435== 
==15435== 28 bytes in 1 blocks are still reachable in loss record 3 of 8
==15435==    at 0x483B7F3: malloc (in /usr/lib/x86_64-linux-gnu/valgrind/vgpreload_memcheck-amd64-linux.so)
==15435==    by 0x116D4C: ??? (in /usr/bin/dash)
==15435==    by 0x110ECF: ??? (in /usr/bin/dash)
==15435==    by 0x111693: ??? (in /usr/bin/dash)
==15435==    by 0x11064E: ??? (in /usr/bin/dash)
==15435==    by 0x10F716: ??? (in /usr/bin/dash)
==15435==    by 0x116B1B: ??? (in /usr/bin/dash)
==15435==    by 0x10DC81: ??? (in /usr/bin/dash)
==15435==    by 0x4881082: (below main) (libc-start.c:308)
==15435== 
==15435== 32 bytes in 1 blocks are still reachable in loss record 4 of 8
==15435==    at 0x483B7F3: malloc (in /usr/lib/x86_64-linux-gnu/valgrind/vgpreload_memcheck-amd64-linux.so)
==15435==    by 0x116D4C: ??? (in /usr/bin/dash)
==15435==    by 0x11E4F8: ??? (in /usr/bin/dash)
==15435==    by 0x11F1BB: ??? (in /usr/bin/dash)
==15435==    by 0x10DB73: ??? (in /usr/bin/dash)
==15435==    by 0x4881082: (below main) (libc-start.c:308)
==15435== 
==15435== 58 bytes in 1 blocks are still reachable in loss record 5 of 8
==15435==    at 0x483B7F3: malloc (in /usr/lib/x86_64-linux-gnu/valgrind/vgpreload_memcheck-amd64-linux.so)
==15435==    by 0x48FC38E: strdup (strdup.c:42)
==15435==    by 0x116DAC: ??? (in /usr/bin/dash)
==15435==    by 0x10EC4C: ??? (in /usr/bin/dash)
==15435==    by 0x11F1E0: ??? (in /usr/bin/dash)
==15435==    by 0x10DB73: ??? (in /usr/bin/dash)
==15435==    by 0x4881082: (below main) (libc-start.c:308)
==15435== 
==15435== 62 bytes in 1 blocks are still reachable in loss record 6 of 8
==15435==    at 0x483B7F3: malloc (in /usr/lib/x86_64-linux-gnu/valgrind/vgpreload_memcheck-amd64-linux.so)
==15435==    by 0x116D4C: ??? (in /usr/bin/dash)
==15435==    by 0x11E634: ??? (in /usr/bin/dash)
==15435==    by 0x11F1E0: ??? (in /usr/bin/dash)
==15435==    by 0x10DB73: ??? (in /usr/bin/dash)
==15435==    by 0x4881082: (below main) (libc-start.c:308)
==15435== 
==15435== 160 bytes in 1 blocks are still reachable in loss record 7 of 8
==15435==    at 0x483B723: malloc (in /usr/lib/x86_64-linux-gnu/valgrind/vgpreload_memcheck-amd64-linux.so)
==15435==    by 0x483E017: realloc (in /usr/lib/x86_64-linux-gnu/valgrind/vgpreload_memcheck-amd64-linux.so)
==15435==    by 0x116D7C: ??? (in /usr/bin/dash)
==15435==    by 0x116094: ??? (in /usr/bin/dash)
==15435==    by 0x1109A4: ??? (in /usr/bin/dash)
==15435==    by 0x10F716: ??? (in /usr/bin/dash)
==15435==    by 0x10F6E9: ??? (in /usr/bin/dash)
==15435==    by 0x116B1B: ??? (in /usr/bin/dash)
==15435==    by 0x10DC81: ??? (in /usr/bin/dash)
==15435==    by 0x4881082: (below main) (libc-start.c:308)
==15435== 
==15435== 2,080 bytes in 65 blocks are still reachable in loss record 8 of 8
==15435==    at 0x483B7F3: malloc (in /usr/lib/x86_64-linux-gnu/valgrind/vgpreload_memcheck-amd64-linux.so)
==15435==    by 0x116D4C: ??? (in /usr/bin/dash)
==15435==    by 0x11E4F8: ??? (in /usr/bin/dash)
==15435==    by 0x11F16C: ??? (in /usr/bin/dash)
==15435==    by 0x10DB73: ??? (in /usr/bin/dash)
==15435==    by 0x4881082: (below main) (libc-start.c:308)
==15435== 
==15435== LEAK SUMMARY:
==15435==    definitely lost: 0 bytes in 0 blocks
==15435==    indirectly lost: 0 bytes in 0 blocks
==15435==      possibly lost: 0 bytes in 0 blocks
==15435==    still reachable: 2,473 bytes in 72 blocks
==15435==         suppressed: 0 bytes in 0 blocks
==15435== 
==15435== For lists of detected and suppressed errors, rerun with: -s
==15435== ERROR SUMMARY: 0 errors from 0 contexts (suppressed: 0 from 0)
